Tool loading /home/dante/EffSan/test/Example.out at 0
Tool loading /lib64/ld-linux-x86-64.so.2 at 0x7fe3ad610000
Tool loading [vdso] at 0x7ffe37581000
Tool loading /usr/lib/x86_64-linux-gnu/libstdc++.so.6 at 0x7fe39906a000
Tool loading /lib/x86_64-linux-gnu/libm.so.6 at 0x7fe398ccc000
Tool loading /lib/x86_64-linux-gnu/libpthread.so.0 at 0x7fe398aad000
Tool loading /lib/x86_64-linux-gnu/librt.so.1 at 0x7fe3988a5000
Tool loading /lib/x86_64-linux-gnu/libdl.so.2 at 0x7fe3986a1000
Tool loading /lib/x86_64-linux-gnu/libgcc_s.so.1 at 0x7fe398489000
Tool loading /lib/x86_64-linux-gnu/libc.so.6 at 0x7fe398098000
Tool unloading /home/dante/EffSan/test/Example.out at 0
Tool unloading /lib64/ld-linux-x86-64.so.2 at 0x7fe3ad610000
Tool unloading [vdso] at 0x7ffe37581000
Tool unloading /usr/lib/x86_64-linux-gnu/libstdc++.so.6 at 0x7fe39906a000
Tool unloading /lib/x86_64-linux-gnu/libm.so.6 at 0x7fe398ccc000
Tool unloading /lib/x86_64-linux-gnu/libpthread.so.0 at 0x7fe398aad000
Tool unloading /lib/x86_64-linux-gnu/librt.so.1 at 0x7fe3988a5000
Tool unloading /lib/x86_64-linux-gnu/libdl.so.2 at 0x7fe3986a1000
Tool unloading /lib/x86_64-linux-gnu/libgcc_s.so.1 at 0x7fe398489000
Tool unloading /lib/x86_64-linux-gnu/libc.so.6 at 0x7fe398098000
IMUL_struct S_struct S(1)
LEA_struct S_struct S(6)
MOV_struct S_struct S(20)

------------------------------------------------------------------------
